# JRE version: OpenJDK Runtime Environment Microsoft-11926163 (17.0.16+8) (build 17.0.16+8-LTS)
# Java VM: OpenJDK 64-Bit Server VM Microsoft-11926163 (17.0.16+8-LTS, mixed mode, sharing, tiered, compressed oops, compressed class ptrs, g1 gc, windows-amd64)
GC Precious Log:
 CPUs: 32 total, 32 available
 Memory: 32384M
 Large Page Support: Disabled
 NUMA Support: Disabled
 Compressed Oops: Enabled (Zero based)
 Heap Region Size: 4M
 Heap Min Capacity: 8M
 Heap Initial Capacity: 508M
 Heap Max Capacity: 8100M
 Pre-touch: Disabled
 Parallel Workers: 23
 Concurrent Workers: 6
 Concurrent Refinement Workers: 23
 Periodic GC: Disabled
Heap:
 garbage-first heap   total 233472K, used 115221K [0x0000000605c00000, 0x0000000800000000)
  region size 4096K, 4 young (16384K), 1 survivors (4096K)
 Metaspace       used 80268K, committed 80768K, reserved 1179648K
  class space    used 9685K, committed 9920K, reserved 1048576K
GC Heap History (20 events):
Event: 3.019 GC heap before
{Heap before GC invocations=12 (full 0):
 garbage-first heap   total 81920K, used 30218K [0x0000000605c00000, 0x0000000800000000)
  region size 4096K, 3 young (12288K), 2 survivors (8192K)
 Metaspace       used 40810K, committed 41152K, reserved 1114112K
  class space    used 5381K, committed 5568K, reserved 1048576K
}
Event: 3.027 GC heap after
{Heap after GC invocations=13 (full 0):
 garbage-first heap   total 303104K, used 25791K [0x0000000605c00000, 0x0000000800000000)
  region size 4096K, 1 young (4096K), 1 survivors (4096K)
 Metaspace       used 40810K, committed 41152K, reserved 1114112K
  class space    used 5381K, committed 5568K, reserved 1048576K
}
Event: 5.594 GC heap before
{Heap before GC invocations=13 (full 0):
 garbage-first heap   total 303104K, used 201919K [0x0000000605c00000, 0x0000000800000000)
  region size 4096K, 44 young (180224K), 1 survivors (4096K)
 Metaspace       used 59413K, committed 59776K, reserved 1114112K
  class space    used 7573K, committed 7744K, reserved 1048576K
}
Event: 5.600 GC heap after
{Heap after GC invocations=14 (full 0):
 garbage-first heap   total 303104K, used 35725K [0x0000000605c00000, 0x0000000800000000)
  region size 4096K, 3 young (12288K), 3 survivors (12288K)
 Metaspace       used 59413K, committed 59776K, reserved 1114112K
  class space    used 7573K, committed 7744K, reserved 1048576K
}
Event: 5.783 GC heap before
{Heap before GC invocations=14 (full 0):
 garbage-first heap   total 303104K, used 39821K [0x0000000605c00000, 0x0000000800000000)
  region size 4096K, 5 young (20480K), 3 survivors (12288K)
 Metaspace       used 60029K, committed 60416K, reserved 1114112K
  class space    used 7641K, committed 7872K, reserved 1048576K
}
Event: 5.786 GC heap after
{Heap after GC invocations=15 (full 0):
 garbage-first heap   total 303104K, used 36254K [0x0000000605c00000, 0x0000000800000000)
  region size 4096K, 3 young (12288K), 3 survivors (12288K)
 Metaspace       used 60029K, committed 60416K, reserved 1114112K
  class space    used 7641K, committed 7872K, reserved 1048576K
}
Event: 6.250 GC heap before
{Heap before GC invocations=16 (full 0):
 garbage-first heap   total 151552K, used 114078K [0x0000000605c00000, 0x0000000800000000)
  region size 4096K, 22 young (90112K), 3 survivors (12288K)
 Metaspace       used 61006K, committed 61440K, reserved 1114112K
  class space    used 7743K, committed 7936K, reserved 1048576K
}
Event: 6.254 GC heap after
{Heap after GC invocations=17 (full 0):
 garbage-first heap   total 151552K, used 52283K [0x0000000605c00000, 0x0000000800000000)
  region size 4096K, 3 young (12288K), 3 survivors (12288K)
 Metaspace       used 61006K, committed 61440K, reserved 1114112K
  class space    used 7743K, committed 7936K, reserved 1048576K
}
Event: 6.277 GC heap before
{Heap before GC invocations=17 (full 0):
 garbage-first heap   total 151552K, used 56379K [0x0000000605c00000, 0x0000000800000000)
  region size 4096K, 4 young (16384K), 3 survivors (12288K)
 Metaspace       used 61065K, committed 61440K, reserved 1114112K
  class space    used 7746K, committed 7936K, reserved 1048576K
}
Event: 6.279 GC heap after
{Heap after GC invocations=18 (full 0):
 garbage-first heap   total 151552K, used 49135K [0x0000000605c00000, 0x0000000800000000)
  region size 4096K, 1 young (4096K), 1 survivors (4096K)
 Metaspace       used 61065K, committed 61440K, reserved 1114112K
  class space    used 7746K, committed 7936K, reserved 1048576K
}
Event: 6.344 GC heap before
{Heap before GC invocations=18 (full 0):
 garbage-first heap   total 151552K, used 102383K [0x0000000605c00000, 0x0000000800000000)
  region size 4096K, 15 young (61440K), 1 survivors (4096K)
 Metaspace       used 61108K, committed 61504K, reserved 1114112K
  class space    used 7746K, committed 7936K, reserved 1048576K
}
Event: 6.346 GC heap after
{Heap after GC invocations=19 (full 0):
 garbage-first heap   total 151552K, used 61744K [0x0000000605c00000, 0x0000000800000000)
  region size 4096K, 2 young (8192K), 2 survivors (8192K)
 Metaspace       used 61108K, committed 61504K, reserved 1114112K
  class space    used 7746K, committed 7936K, reserved 1048576K
}
Event: 6.399 GC heap before
{Heap before GC invocations=19 (full 0):
 garbage-first heap   total 151552K, used 102704K [0x0000000605c00000, 0x0000000800000000)
  region size 4096K, 13 young (53248K), 2 survivors (8192K)
 Metaspace       used 61192K, committed 61632K, reserved 1114112K
  class space    used 7746K, committed 7936K, reserved 1048576K
}
Event: 6.402 GC heap after
{Heap after GC invocations=20 (full 0):
 garbage-first heap   total 233472K, used 72578K [0x0000000605c00000, 0x0000000800000000)
  region size 4096K, 2 young (8192K), 2 survivors (8192K)
 Metaspace       used 61192K, committed 61632K, reserved 1114112K
  class space    used 7746K, committed 7936K, reserved 1048576K
}
Event: 6.509 GC heap before
{Heap before GC invocations=20 (full 0):
 garbage-first heap   total 233472K, used 150402K [0x0000000605c00000, 0x0000000800000000)
  region size 4096K, 22 young (90112K), 2 survivors (8192K)
 Metaspace       used 61277K, committed 61696K, reserved 1114112K
  class space    used 7748K, committed 7936K, reserved 1048576K
}
Event: 6.515 GC heap after
{Heap after GC invocations=21 (full 0):
 garbage-first heap   total 233472K, used 91226K [0x0000000605c00000, 0x0000000800000000)
  region size 4096K, 3 young (12288K), 3 survivors (12288K)
 Metaspace       used 61277K, committed 61696K, reserved 1114112K
  class space    used 7748K, committed 7936K, reserved 1048576K
}
Event: 32.541 GC heap before
{Heap before GC invocations=21 (full 0):
 garbage-first heap   total 233472K, used 160858K [0x0000000605c00000, 0x0000000800000000)
  region size 4096K, 20 young (81920K), 3 survivors (12288K)
 Metaspace       used 71199K, committed 71680K, reserved 1114112K
  class space    used 8950K, committed 9216K, reserved 1048576K
}
Event: 32.548 GC heap after
{Heap after GC invocations=22 (full 0):
 garbage-first heap   total 233472K, used 103808K [0x0000000605c00000, 0x0000000800000000)
  region size 4096K, 3 young (12288K), 3 survivors (12288K)
 Metaspace       used 71199K, committed 71680K, reserved 1114112K
  class space    used 8950K, committed 9216K, reserved 1048576K
}
Event: 983.020 GC heap before
{Heap before GC invocations=22 (full 0):
 garbage-first heap   total 233472K, used 161152K [0x0000000605c00000, 0x0000000800000000)
  region size 4096K, 18 young (73728K), 3 survivors (12288K)
 Metaspace       used 79983K, committed 80512K, reserved 1179648K
  class space    used 9671K, committed 9920K, reserved 1048576K
}
Event: 983.023 GC heap after
{Heap after GC invocations=23 (full 0):
 garbage-first heap   total 233472K, used 107029K [0x0000000605c00000, 0x0000000800000000)
  region size 4096K, 1 young (4096K), 1 survivors (4096K)
 Metaspace       used 79983K, committed 80512K, reserved 1179648K
  class space    used 9671K, committed 9920K, reserved 1048576K
}

